Testing stock query for: sh600519, hk00700, gb_aapl, sh000001
----------------------------------------
[A] 贵州茅台 (sh600519):
  Price:   1255.55
  Change:  -17.83
  Percent: -1.40%
----------------------------------------
[HK] 腾讯控股 (hk00700):
  Price:   436.80
  Change:  -2.20
  Percent: -0.50%
----------------------------------------
[US] 苹果 (gb_aapl):
  Price:   308.33
  Change:  -0.49
  Percent: -0.16%
----------------------------------------
[A] 上证指数 (sh000001):
  Price:   4124.46
  Change:  -20.92
  Percent: -0.50%
----------------------------------------
